info|2019-10-24 22:00:03.547109|[NETWORK][Host]Connecting to node,endpoint=127.0.0.1:30300
info|2019-10-24 22:00:03.547157|[P2P][Service] heartBeat,connected count=3
info|2019-10-24 22:00:03.547323|[NETWORK][ASIO]asyncResolveConnect,endpoint=127.0.0.1:30300
info|2019-10-24 22:00:03.732390|[NETWORK][Host]startPeerSession, From=127.0.0.1:30300,nodeID=91d7c328...
info|2019-10-24 22:00:03.732540|[P2P][Service] Connection established,nodeID=91d7c328...,endpoint=127.0.0.1:30300
info|2019-10-24 22:00:13.547781|[P2P][Service] heartBeat,connected count=4
info|2019-10-24 22:00:23.548238|[P2P][Service] heartBeat,connected count=4
info|2019-10-24 22:00:33.548295|[P2P][Service] heartBeat,connected count=4
info|2019-10-24 22:00:43.549028|[P2P][Service] heartBeat,connected count=4
info|2019-10-24 22:00:53.549927|[P2P][Service] heartBeat,connected count=4
info|2019-10-24 22:00:58.742725|[NETWORK][Session]Received topic: [1	_block_notify_1] from 91d7c3285bd2bdcb4b66e14900ac2507096778624d8184889019b9b585151156fcc0771eca377ba77982c85cec6ffd1b53d8ba47d06b01278dcfc3a66f16d30a
info|2019-10-24 22:01:03.550028|[P2P][Service] heartBeat,connected count=4
info|2019-10-24 22:01:13.550099|[P2P][Service] heartBeat,connected count=4
info|2019-10-24 22:01:23.550878|[P2P][Service] heartBeat,connected count=4
info|2019-10-24 22:01:33.550941|[P2P][Service] heartBeat,connected count=4
info|2019-10-24 22:01:43.550998|[P2P][Service] heartBeat,connected count=4
info|2019-10-24 22:01:53.551927|[P2P][Service] heartBeat,connected count=4
info|2019-10-24 22:02:03.552000|[P2P][Service] heartBeat,connected count=4
info|2019-10-24 22:02:13.552059|[P2P][Service] heartBeat,connected count=4
info|2019-10-24 22:02:23.553060|[P2P][Service] heartBeat,connected count=4
info|2019-10-24 22:02:33.553166|[P2P][Service] heartBeat,connected count=4
info|2019-10-24 22:02:43.553320|[P2P][Service] heartBeat,connected count=4
info|2019-10-24 22:02:53.553564|[P2P][Service] heartBeat,connected count=4
info|2019-10-24 22:03:03.553902|[P2P][Service] heartBeat,connected count=4
info|2019-10-24 22:03:13.554003|[P2P][Service] heartBeat,connected count=4
info|2019-10-24 22:03:23.554703|[P2P][Service] heartBeat,connected count=4
info|2019-10-24 22:03:33.555236|[P2P][Service] heartBeat,connected count=4
info|2019-10-24 22:03:43.555293|[P2P][Service] heartBeat,connected count=4
info|2019-10-24 22:03:53.556031|[P2P][Service] heartBeat,connected count=4
info|2019-10-24 22:04:03.556197|[P2P][Service] heartBeat,connected count=4
info|2019-10-24 22:04:13.556360|[P2P][Service] heartBeat,connected count=4
info|2019-10-24 22:04:23.556669|[P2P][Service] heartBeat,connected count=4
info|2019-10-24 22:04:33.556764|[P2P][Service] heartBeat,connected count=4
info|2019-10-24 22:04:43.556970|[P2P][Service] heartBeat,connected count=4
info|2019-10-24 22:04:53.557213|[P2P][Service] heartBeat,connected count=4
info|2019-10-24 22:05:03.557291|[P2P][Service] heartBeat,connected count=4
info|2019-10-24 22:05:13.557409|[P2P][Service] heartBeat,connected count=4
info|2019-10-24 22:05:23.557573|[P2P][Service] heartBeat,connected count=4
info|2019-10-24 22:05:33.557673|[P2P][Service] heartBeat,connected count=4
info|2019-10-24 22:05:43.558322|[P2P][Service] heartBeat,connected count=4
info|2019-10-24 22:05:53.559140|[P2P][Service] heartBeat,connected count=4
info|2019-10-24 22:06:03.559679|[P2P][Service] heartBeat,connected count=4
info|2019-10-24 22:06:13.559776|[P2P][Service] heartBeat,connected count=4
info|2019-10-24 22:06:23.559860|[P2P][Service] heartBeat,connected count=4
info|2019-10-24 22:06:33.559936|[P2P][Service] heartBeat,connected count=4
info|2019-10-24 22:06:43.560107|[P2P][Service] heartBeat,connected count=4
info|2019-10-24 22:06:53.560281|[P2P][Service] heartBeat,connected count=4
info|2019-10-24 22:07:03.561266|[P2P][Service] heartBeat,connected count=4
info|2019-10-24 22:07:13.561428|[P2P][Service] heartBeat,connected count=4
info|2019-10-24 22:07:23.561560|[P2P][Service] heartBeat,connected count=4
info|2019-10-24 22:07:33.561729|[P2P][Service] heartBeat,connected count=4
info|2019-10-24 22:07:43.561827|[P2P][Service] heartBeat,connected count=4
info|2019-10-24 22:07:53.561904|[P2P][Service] heartBeat,connected count=4
info|2019-10-24 22:08:03.562987|[P2P][Service] heartBeat,connected count=4
info|2019-10-24 22:08:13.563044|[P2P][Service] heartBeat,connected count=4
info|2019-10-24 22:08:23.563107|[P2P][Service] heartBeat,connected count=4
info|2019-10-24 22:08:33.563276|[P2P][Service] heartBeat,connected count=4
info|2019-10-24 22:08:43.563348|[P2P][Service] heartBeat,connected count=4
info|2019-10-24 22:08:53.563402|[P2P][Service] heartBeat,connected count=4
info|2019-10-24 22:09:03.563480|[P2P][Service] heartBeat,connected count=4
info|2019-10-24 22:09:13.563545|[P2P][Service] heartBeat,connected count=4
info|2019-10-24 22:09:23.563778|[P2P][Service] heartBeat,connected count=4
info|2019-10-24 22:09:33.563980|[P2P][Service] heartBeat,connected count=4
info|2019-10-24 22:09:43.564042|[P2P][Service] heartBeat,connected count=4
info|2019-10-24 22:09:53.564219|[P2P][Service] heartBeat,connected count=4
info|2019-10-24 22:10:03.564274|[P2P][Service] heartBeat,connected count=4
info|2019-10-24 22:10:13.564544|[P2P][Service] heartBeat,connected count=4
info|2019-10-24 22:10:23.564779|[P2P][Service] heartBeat,connected count=4
info|2019-10-24 22:10:23.785016|[NETWORK][Session]Received topic: [2] from 91d7c3285bd2bdcb4b66e14900ac2507096778624d8184889019b9b585151156fcc0771eca377ba77982c85cec6ffd1b53d8ba47d06b01278dcfc3a66f16d30a
info|2019-10-24 22:10:33.564890|[P2P][Service] heartBeat,connected count=4
info|2019-10-24 22:10:43.565047|[P2P][Service] heartBeat,connected count=4
info|2019-10-24 22:10:53.565111|[P2P][Service] heartBeat,connected count=4
info|2019-10-24 22:11:03.565169|[P2P][Service] heartBeat,connected count=4
info|2019-10-24 22:11:13.565241|[P2P][Service] heartBeat,connected count=4
info|2019-10-24 22:11:23.565401|[P2P][Service] heartBeat,connected count=4
info|2019-10-24 22:11:33.565565|[P2P][Service] heartBeat,connected count=4
info|2019-10-24 22:11:43.565781|[P2P][Service] heartBeat,connected count=4
info|2019-10-24 22:11:53.566122|[P2P][Service] heartBeat,connected count=4
info|2019-10-24 22:12:03.566708|[P2P][Service] heartBeat,connected count=4
info|2019-10-24 22:12:13.567140|[P2P][Service] heartBeat,connected count=4
info|2019-10-24 22:12:23.568592|[P2P][Service] heartBeat,connected count=4
info|2019-10-24 22:12:33.568721|[P2P][Service] heartBeat,connected count=4
info|2019-10-24 22:12:38.795169|[NETWORK][Session]Received topic: [3	_block_notify_1] from 91d7c3285bd2bdcb4b66e14900ac2507096778624d8184889019b9b585151156fcc0771eca377ba77982c85cec6ffd1b53d8ba47d06b01278dcfc3a66f16d30a
info|2019-10-24 22:12:43.569001|[P2P][Service] heartBeat,connected count=4
info|2019-10-24 22:12:53.570127|[P2P][Service] heartBeat,connected count=4
info|2019-10-24 22:13:03.571218|[P2P][Service] heartBeat,connected count=4
info|2019-10-24 22:13:13.591605|[P2P][Service] heartBeat,connected count=4
info|2019-10-24 22:13:23.603906|[P2P][Service] heartBeat,connected count=4
info|2019-10-24 22:13:33.604407|[P2P][Service] heartBeat,connected count=4
info|2019-10-24 22:13:43.606125|[P2P][Service] heartBeat,connected count=4
info|2019-10-24 22:13:53.607073|[P2P][Service] heartBeat,connected count=4
info|2019-10-24 22:14:03.607265|[P2P][Service] heartBeat,connected count=4
info|2019-10-24 22:14:13.607503|[P2P][Service] heartBeat,connected count=4
info|2019-10-24 22:14:23.607612|[P2P][Service] heartBeat,connected count=4
info|2019-10-24 22:14:33.607917|[P2P][Service] heartBeat,connected count=4
info|2019-10-24 22:14:43.608138|[P2P][Service] heartBeat,connected count=4
info|2019-10-24 22:14:53.608192|[P2P][Service] heartBeat,connected count=4
info|2019-10-24 22:15:03.608456|[P2P][Service] heartBeat,connected count=4
info|2019-10-24 22:15:13.608741|[P2P][Service] heartBeat,connected count=4
info|2019-10-24 22:15:23.608944|[P2P][Service] heartBeat,connected count=4
info|2019-10-24 22:15:33.609082|[P2P][Service] heartBeat,connected count=4
info|2019-10-24 22:15:43.609158|[P2P][Service] heartBeat,connected count=4
info|2019-10-24 22:15:53.609243|[P2P][Service] heartBeat,connected count=4
info|2019-10-24 22:16:03.609314|[P2P][Service] heartBeat,connected count=4
info|2019-10-24 22:16:13.610513|[P2P][Service] heartBeat,connected count=4
info|2019-10-24 22:16:23.615228|[P2P][Service] heartBeat,connected count=4
info|2019-10-24 22:16:33.615407|[P2P][Service] heartBeat,connected count=4
info|2019-10-24 22:16:43.615560|[P2P][Service] heartBeat,connected count=4
info|2019-10-24 22:16:53.615617|[P2P][Service] heartBeat,connected count=4
info|2019-10-24 22:17:03.616283|[P2P][Service] heartBeat,connected count=4
info|2019-10-24 22:17:13.616655|[P2P][Service] heartBeat,connected count=4
info|2019-10-24 22:17:23.616720|[P2P][Service] heartBeat,connected count=4
info|2019-10-24 22:17:33.616850|[P2P][Service] heartBeat,connected count=4
info|2019-10-24 22:17:43.617166|[P2P][Service] heartBeat,connected count=4
info|2019-10-24 22:17:53.617423|[P2P][Service] heartBeat,connected count=4
info|2019-10-24 22:18:03.617498|[P2P][Service] heartBeat,connected count=4
info|2019-10-24 22:18:13.617842|[P2P][Service] heartBeat,connected count=4
info|2019-10-24 22:18:23.618521|[P2P][Service] heartBeat,connected count=4
info|2019-10-24 22:18:33.619009|[P2P][Service] heartBeat,connected count=4
info|2019-10-24 22:18:43.619095|[P2P][Service] heartBeat,connected count=4
info|2019-10-24 22:18:53.619158|[P2P][Service] heartBeat,connected count=4
info|2019-10-24 22:19:03.619387|[P2P][Service] heartBeat,connected count=4
info|2019-10-24 22:19:13.619953|[P2P][Service] heartBeat,connected count=4
info|2019-10-24 22:19:23.620038|[P2P][Service] heartBeat,connected count=4
info|2019-10-24 22:19:33.620472|[P2P][Service] heartBeat,connected count=4
info|2019-10-24 22:19:43.620559|[P2P][Service] heartBeat,connected count=4
info|2019-10-24 22:19:53.620641|[P2P][Service] heartBeat,connected count=4
info|2019-10-24 22:20:03.620714|[P2P][Service] heartBeat,connected count=4
info|2019-10-24 22:20:13.620778|[P2P][Service] heartBeat,connected count=4
info|2019-10-24 22:20:23.621566|[P2P][Service] heartBeat,connected count=4
info|2019-10-24 22:20:33.621731|[P2P][Service] heartBeat,connected count=4
info|2019-10-24 22:20:43.622058|[P2P][Service] heartBeat,connected count=4
info|2019-10-24 22:20:53.622136|[P2P][Service] heartBeat,connected count=4
info|2019-10-24 22:21:03.622924|[P2P][Service] heartBeat,connected count=4
info|2019-10-24 22:21:13.623014|[P2P][Service] heartBeat,connected count=4
info|2019-10-24 22:21:23.623112|[P2P][Service] heartBeat,connected count=4
info|2019-10-24 22:21:33.623184|[P2P][Service] heartBeat,connected count=4
info|2019-10-24 22:21:43.623552|[P2P][Service] heartBeat,connected count=4
info|2019-10-24 22:21:53.623646|[P2P][Service] heartBeat,connected count=4
info|2019-10-24 22:22:03.624526|[P2P][Service] heartBeat,connected count=4
info|2019-10-24 22:22:13.624794|[P2P][Service] heartBeat,connected count=4
info|2019-10-24 22:22:23.624869|[P2P][Service] heartBeat,connected count=4
info|2019-10-24 22:22:33.624963|[P2P][Service] heartBeat,connected count=4
info|2019-10-24 22:22:43.625195|[P2P][Service] heartBeat,connected count=4
info|2019-10-24 22:22:53.625292|[P2P][Service] heartBeat,connected count=4
info|2019-10-24 22:23:03.625370|[P2P][Service] heartBeat,connected count=4
info|2019-10-24 22:23:13.625444|[P2P][Service] heartBeat,connected count=4
info|2019-10-24 22:23:23.625553|[P2P][Service] heartBeat,connected count=4
info|2019-10-24 22:23:33.625621|[P2P][Service] heartBeat,connected count=4
info|2019-10-24 22:23:43.625693|[P2P][Service] heartBeat,connected count=4
info|2019-10-24 22:23:53.625772|[P2P][Service] heartBeat,connected count=4
info|2019-10-24 22:24:03.625841|[P2P][Service] heartBeat,connected count=4
info|2019-10-24 22:24:13.626375|[P2P][Service] heartBeat,connected count=4
info|2019-10-24 22:24:23.626433|[P2P][Service] heartBeat,connected count=4
info|2019-10-24 22:24:33.626488|[P2P][Service] heartBeat,connected count=4
info|2019-10-24 22:24:43.626543|[P2P][Service] heartBeat,connected count=4
info|2019-10-24 22:24:53.626603|[P2P][Service] heartBeat,connected count=4
info|2019-10-24 22:25:03.626661|[P2P][Service] heartBeat,connected count=4
info|2019-10-24 22:25:13.626734|[P2P][Service] heartBeat,connected count=4
info|2019-10-24 22:25:23.627628|[P2P][Service] heartBeat,connected count=4
info|2019-10-24 22:25:33.627702|[P2P][Service] heartBeat,connected count=4
info|2019-10-24 22:25:43.627783|[P2P][Service] heartBeat,connected count=4
info|2019-10-24 22:25:53.627856|[P2P][Service] heartBeat,connected count=4
info|2019-10-24 22:26:03.628493|[P2P][Service] heartBeat,connected count=4
info|2019-10-24 22:26:13.629040|[P2P][Service] heartBeat,connected count=4
info|2019-10-24 22:26:23.629247|[P2P][Service] heartBeat,connected count=4
info|2019-10-24 22:26:33.629587|[P2P][Service] heartBeat,connected count=4
info|2019-10-24 22:26:43.629817|[P2P][Service] heartBeat,connected count=4
info|2019-10-24 22:26:53.629926|[P2P][Service] heartBeat,connected count=4
info|2019-10-24 22:26:53.852920|[NETWORK][Session]Received topic: [4] from 91d7c3285bd2bdcb4b66e14900ac2507096778624d8184889019b9b585151156fcc0771eca377ba77982c85cec6ffd1b53d8ba47d06b01278dcfc3a66f16d30a
