info|2019-12-13 19:00:04.382908|[P2P][Service] heartBeat,connected count=4
info|2019-12-13 19:00:14.383851|[P2P][Service] heartBeat,connected count=4
info|2019-12-13 19:00:24.383925|[P2P][Service] heartBeat,connected count=4
info|2019-12-13 19:00:34.383992|[P2P][Service] heartBeat,connected count=4
info|2019-12-13 19:00:44.384142|[P2P][Service] heartBeat,connected count=4
info|2019-12-13 19:00:54.384216|[P2P][Service] heartBeat,connected count=4
info|2019-12-13 19:01:04.384278|[P2P][Service] heartBeat,connected count=4
info|2019-12-13 19:01:14.384392|[P2P][Service] heartBeat,connected count=4
info|2019-12-13 19:01:24.384690|[P2P][Service] heartBeat,connected count=4
info|2019-12-13 19:01:34.384821|[P2P][Service] heartBeat,connected count=4
info|2019-12-13 19:01:44.384966|[P2P][Service] heartBeat,connected count=4
info|2019-12-13 19:01:54.385094|[P2P][Service] heartBeat,connected count=4
info|2019-12-13 19:02:04.385384|[P2P][Service] heartBeat,connected count=4
info|2019-12-13 19:02:14.385552|[P2P][Service] heartBeat,connected count=4
info|2019-12-13 19:02:24.385709|[P2P][Service] heartBeat,connected count=4
info|2019-12-13 19:02:34.386052|[P2P][Service] heartBeat,connected count=4
info|2019-12-13 19:02:44.386204|[P2P][Service] heartBeat,connected count=4
info|2019-12-13 19:02:54.386403|[P2P][Service] heartBeat,connected count=4
info|2019-12-13 19:03:04.387350|[P2P][Service] heartBeat,connected count=4
info|2019-12-13 19:03:14.387463|[P2P][Service] heartBeat,connected count=4
info|2019-12-13 19:03:24.387753|[P2P][Service] heartBeat,connected count=4
info|2019-12-13 19:03:34.387893|[P2P][Service] heartBeat,connected count=4
info|2019-12-13 19:03:44.388172|[P2P][Service] heartBeat,connected count=4
info|2019-12-13 19:03:54.388356|[P2P][Service] heartBeat,connected count=4
info|2019-12-13 19:04:04.388467|[P2P][Service] heartBeat,connected count=4
info|2019-12-13 19:04:14.388545|[P2P][Service] heartBeat,connected count=4
info|2019-12-13 19:04:24.388672|[P2P][Service] heartBeat,connected count=4
info|2019-12-13 19:04:34.388753|[P2P][Service] heartBeat,connected count=4
info|2019-12-13 19:04:44.388836|[P2P][Service] heartBeat,connected count=4
info|2019-12-13 19:04:54.388974|[P2P][Service] heartBeat,connected count=4
info|2019-12-13 19:05:04.389378|[P2P][Service] heartBeat,connected count=4
info|2019-12-13 19:05:14.389436|[P2P][Service] heartBeat,connected count=4
info|2019-12-13 19:05:24.389504|[P2P][Service] heartBeat,connected count=4
info|2019-12-13 19:05:34.389719|[P2P][Service] heartBeat,connected count=4
info|2019-12-13 19:05:44.389883|[P2P][Service] heartBeat,connected count=4
info|2019-12-13 19:05:54.389950|[P2P][Service] heartBeat,connected count=4
info|2019-12-13 19:06:04.390078|[P2P][Service] heartBeat,connected count=4
info|2019-12-13 19:06:14.390151|[P2P][Service] heartBeat,connected count=4
info|2019-12-13 19:06:24.390225|[P2P][Service] heartBeat,connected count=4
info|2019-12-13 19:06:34.390364|[P2P][Service] heartBeat,connected count=4
info|2019-12-13 19:06:44.390762|[P2P][Service] heartBeat,connected count=4
info|2019-12-13 19:06:54.390844|[P2P][Service] heartBeat,connected count=4
info|2019-12-13 19:07:04.391132|[P2P][Service] heartBeat,connected count=4
info|2019-12-13 19:07:14.391205|[P2P][Service] heartBeat,connected count=4
info|2019-12-13 19:07:24.391277|[P2P][Service] heartBeat,connected count=4
info|2019-12-13 19:07:34.391349|[P2P][Service] heartBeat,connected count=4
info|2019-12-13 19:07:44.391426|[P2P][Service] heartBeat,connected count=4
info|2019-12-13 19:07:54.391501|[P2P][Service] heartBeat,connected count=4
info|2019-12-13 19:08:04.391573|[P2P][Service] heartBeat,connected count=4
info|2019-12-13 19:08:14.391957|[P2P][Service] heartBeat,connected count=4
info|2019-12-13 19:08:24.392016|[P2P][Service] heartBeat,connected count=4
info|2019-12-13 19:08:34.392088|[P2P][Service] heartBeat,connected count=4
info|2019-12-13 19:08:44.392167|[P2P][Service] heartBeat,connected count=4
info|2019-12-13 19:08:54.392552|[P2P][Service] heartBeat,connected count=4
info|2019-12-13 19:09:04.392630|[P2P][Service] heartBeat,connected count=4
info|2019-12-13 19:09:14.392708|[P2P][Service] heartBeat,connected count=4
info|2019-12-13 19:09:24.392812|[P2P][Service] heartBeat,connected count=4
info|2019-12-13 19:09:34.393219|[P2P][Service] heartBeat,connected count=4
info|2019-12-13 19:09:44.394070|[P2P][Service] heartBeat,connected count=4
info|2019-12-13 19:09:54.394285|[P2P][Service] heartBeat,connected count=4
info|2019-12-13 19:10:04.394364|[P2P][Service] heartBeat,connected count=4
info|2019-12-13 19:10:14.394442|[P2P][Service] heartBeat,connected count=4
info|2019-12-13 19:10:24.394528|[P2P][Service] heartBeat,connected count=4
info|2019-12-13 19:10:34.394725|[P2P][Service] heartBeat,connected count=4
info|2019-12-13 19:10:44.395237|[P2P][Service] heartBeat,connected count=4
info|2019-12-13 19:10:54.395524|[P2P][Service] heartBeat,connected count=4
info|2019-12-13 19:11:04.395731|[P2P][Service] heartBeat,connected count=4
info|2019-12-13 19:11:14.396646|[P2P][Service] heartBeat,connected count=4
info|2019-12-13 19:11:24.396888|[P2P][Service] heartBeat,connected count=4
info|2019-12-13 19:11:34.396992|[P2P][Service] heartBeat,connected count=4
info|2019-12-13 19:11:44.397146|[P2P][Service] heartBeat,connected count=4
info|2019-12-13 19:11:54.397292|[P2P][Service] heartBeat,connected count=4
info|2019-12-13 19:12:04.397519|[P2P][Service] heartBeat,connected count=4
info|2019-12-13 19:12:14.397654|[P2P][Service] heartBeat,connected count=4
info|2019-12-13 19:12:24.397801|[P2P][Service] heartBeat,connected count=4
info|2019-12-13 19:12:34.397976|[P2P][Service] heartBeat,connected count=4
info|2019-12-13 19:12:44.398570|[P2P][Service] heartBeat,connected count=4
info|2019-12-13 19:12:54.398682|[P2P][Service] heartBeat,connected count=4
info|2019-12-13 19:13:04.398791|[P2P][Service] heartBeat,connected count=4
info|2019-12-13 19:13:14.398864|[P2P][Service] heartBeat,connected count=4
info|2019-12-13 19:13:24.399026|[P2P][Service] heartBeat,connected count=4
info|2019-12-13 19:13:34.399118|[P2P][Service] heartBeat,connected count=4
info|2019-12-13 19:13:44.399797|[P2P][Service] heartBeat,connected count=4
info|2019-12-13 19:13:54.399958|[P2P][Service] heartBeat,connected count=4
info|2019-12-13 19:14:04.400232|[P2P][Service] heartBeat,connected count=4
info|2019-12-13 19:14:14.400914|[P2P][Service] heartBeat,connected count=4
info|2019-12-13 19:14:24.400997|[P2P][Service] heartBeat,connected count=4
info|2019-12-13 19:14:34.401064|[P2P][Service] heartBeat,connected count=4
info|2019-12-13 19:14:44.401130|[P2P][Service] heartBeat,connected count=4
info|2019-12-13 19:14:54.401217|[P2P][Service] heartBeat,connected count=4
info|2019-12-13 19:15:04.401326|[P2P][Service] heartBeat,connected count=4
info|2019-12-13 19:15:14.401424|[P2P][Service] heartBeat,connected count=4
info|2019-12-13 19:15:24.401500|[P2P][Service] heartBeat,connected count=4
info|2019-12-13 19:15:34.401651|[P2P][Service] heartBeat,connected count=4
info|2019-12-13 19:15:44.401745|[P2P][Service] heartBeat,connected count=4
info|2019-12-13 19:15:54.401849|[P2P][Service] heartBeat,connected count=4
info|2019-12-13 19:16:04.401957|[P2P][Service] heartBeat,connected count=4
info|2019-12-13 19:16:14.402033|[P2P][Service] heartBeat,connected count=4
info|2019-12-13 19:16:24.402139|[P2P][Service] heartBeat,connected count=4
info|2019-12-13 19:16:34.402286|[P2P][Service] heartBeat,connected count=4
info|2019-12-13 19:16:44.402816|[P2P][Service] heartBeat,connected count=4
info|2019-12-13 19:16:54.402890|[P2P][Service] heartBeat,connected count=4
info|2019-12-13 19:17:04.403277|[P2P][Service] heartBeat,connected count=4
info|2019-12-13 19:17:14.403402|[P2P][Service] heartBeat,connected count=4
info|2019-12-13 19:17:24.403521|[P2P][Service] heartBeat,connected count=4
info|2019-12-13 19:17:34.403645|[P2P][Service] heartBeat,connected count=4
info|2019-12-13 19:17:44.403824|[P2P][Service] heartBeat,connected count=4
info|2019-12-13 19:17:54.403911|[P2P][Service] heartBeat,connected count=4
info|2019-12-13 19:18:04.403980|[P2P][Service] heartBeat,connected count=4
info|2019-12-13 19:18:14.405012|[P2P][Service] heartBeat,connected count=4
info|2019-12-13 19:18:24.405085|[P2P][Service] heartBeat,connected count=4
info|2019-12-13 19:18:34.405214|[P2P][Service] heartBeat,connected count=4
info|2019-12-13 19:18:44.405958|[P2P][Service] heartBeat,connected count=4
info|2019-12-13 19:18:54.406218|[P2P][Service] heartBeat,connected count=4
info|2019-12-13 19:19:04.406301|[P2P][Service] heartBeat,connected count=4
info|2019-12-13 19:19:14.406373|[P2P][Service] heartBeat,connected count=4
info|2019-12-13 19:19:24.406446|[P2P][Service] heartBeat,connected count=4
info|2019-12-13 19:19:34.406589|[P2P][Service] heartBeat,connected count=4
info|2019-12-13 19:19:44.406701|[P2P][Service] heartBeat,connected count=4
info|2019-12-13 19:19:54.406983|[P2P][Service] heartBeat,connected count=4
info|2019-12-13 19:20:04.407131|[P2P][Service] heartBeat,connected count=4
info|2019-12-13 19:20:14.408805|[P2P][Service] heartBeat,connected count=4
info|2019-12-13 19:20:24.408991|[P2P][Service] heartBeat,connected count=4
info|2019-12-13 19:20:34.409072|[P2P][Service] heartBeat,connected count=4
info|2019-12-13 19:20:44.409263|[P2P][Service] heartBeat,connected count=4
info|2019-12-13 19:20:54.409430|[P2P][Service] heartBeat,connected count=4
info|2019-12-13 19:21:04.410318|[P2P][Service] heartBeat,connected count=4
info|2019-12-13 19:21:14.411077|[P2P][Service] heartBeat,connected count=4
info|2019-12-13 19:21:24.411211|[P2P][Service] heartBeat,connected count=4
info|2019-12-13 19:21:34.411305|[P2P][Service] heartBeat,connected count=4
info|2019-12-13 19:21:44.411557|[P2P][Service] heartBeat,connected count=4
info|2019-12-13 19:21:54.411735|[P2P][Service] heartBeat,connected count=4
info|2019-12-13 19:22:04.411835|[P2P][Service] heartBeat,connected count=4
info|2019-12-13 19:22:14.411912|[P2P][Service] heartBeat,connected count=4
info|2019-12-13 19:22:24.412034|[P2P][Service] heartBeat,connected count=4
info|2019-12-13 19:22:34.412212|[P2P][Service] heartBeat,connected count=4
info|2019-12-13 19:22:44.413249|[P2P][Service] heartBeat,connected count=4
info|2019-12-13 19:22:54.413449|[P2P][Service] heartBeat,connected count=4
info|2019-12-13 19:23:04.413662|[P2P][Service] heartBeat,connected count=4
info|2019-12-13 19:23:14.413735|[P2P][Service] heartBeat,connected count=4
info|2019-12-13 19:23:24.413821|[P2P][Service] heartBeat,connected count=4
info|2019-12-13 19:23:34.414306|[P2P][Service] heartBeat,connected count=4
info|2019-12-13 19:23:44.414417|[P2P][Service] heartBeat,connected count=4
info|2019-12-13 19:23:54.414496|[P2P][Service] heartBeat,connected count=4
info|2019-12-13 19:24:04.414569|[P2P][Service] heartBeat,connected count=4
info|2019-12-13 19:24:14.414679|[P2P][Service] heartBeat,connected count=4
info|2019-12-13 19:24:24.414769|[P2P][Service] heartBeat,connected count=4
info|2019-12-13 19:24:34.414919|[P2P][Service] heartBeat,connected count=4
info|2019-12-13 19:24:44.414996|[P2P][Service] heartBeat,connected count=4
info|2019-12-13 19:24:54.415117|[P2P][Service] heartBeat,connected count=4
info|2019-12-13 19:25:04.415403|[P2P][Service] heartBeat,connected count=4
info|2019-12-13 19:25:14.415668|[P2P][Service] heartBeat,connected count=4
info|2019-12-13 19:25:24.415883|[P2P][Service] heartBeat,connected count=4
info|2019-12-13 19:25:34.415960|[P2P][Service] heartBeat,connected count=4
info|2019-12-13 19:25:44.416060|[P2P][Service] heartBeat,connected count=4
info|2019-12-13 19:25:54.416454|[P2P][Service] heartBeat,connected count=4
info|2019-12-13 19:26:04.417348|[P2P][Service] heartBeat,connected count=4
info|2019-12-13 19:26:14.417431|[P2P][Service] heartBeat,connected count=4
info|2019-12-13 19:26:24.417508|[P2P][Service] heartBeat,connected count=4
info|2019-12-13 19:26:34.417752|[P2P][Service] heartBeat,connected count=4
info|2019-12-13 19:26:44.417826|[P2P][Service] heartBeat,connected count=4
info|2019-12-13 19:26:54.417918|[P2P][Service] heartBeat,connected count=4
info|2019-12-13 19:27:04.418019|[P2P][Service] heartBeat,connected count=4
info|2019-12-13 19:27:14.418148|[P2P][Service] heartBeat,connected count=4
info|2019-12-13 19:27:24.418309|[P2P][Service] heartBeat,connected count=4
info|2019-12-13 19:27:34.418385|[P2P][Service] heartBeat,connected count=4
info|2019-12-13 19:27:44.418582|[P2P][Service] heartBeat,connected count=4
info|2019-12-13 19:27:54.418835|[P2P][Service] heartBeat,connected count=4
info|2019-12-13 19:28:04.419715|[P2P][Service] heartBeat,connected count=4
info|2019-12-13 19:28:14.419866|[P2P][Service] heartBeat,connected count=4
info|2019-12-13 19:28:24.419947|[P2P][Service] heartBeat,connected count=4
info|2019-12-13 19:28:34.420112|[P2P][Service] heartBeat,connected count=4
info|2019-12-13 19:28:44.420192|[P2P][Service] heartBeat,connected count=4
info|2019-12-13 19:28:54.420356|[P2P][Service] heartBeat,connected count=4
info|2019-12-13 19:29:04.420483|[P2P][Service] heartBeat,connected count=4
info|2019-12-13 19:29:14.420575|[P2P][Service] heartBeat,connected count=4
info|2019-12-13 19:29:24.420655|[P2P][Service] heartBeat,connected count=4
info|2019-12-13 19:29:34.421072|[P2P][Service] heartBeat,connected count=4
info|2019-12-13 19:29:44.421143|[P2P][Service] heartBeat,connected count=4
info|2019-12-13 19:29:54.421212|[P2P][Service] heartBeat,connected count=4
info|2019-12-13 19:30:04.421305|[P2P][Service] heartBeat,connected count=4
info|2019-12-13 19:30:14.421377|[P2P][Service] heartBeat,connected count=4
info|2019-12-13 19:30:24.422224|[P2P][Service] heartBeat,connected count=4
info|2019-12-13 19:30:34.422682|[P2P][Service] heartBeat,connected count=4
info|2019-12-13 19:30:44.422756|[P2P][Service] heartBeat,connected count=4
info|2019-12-13 19:30:54.423129|[P2P][Service] heartBeat,connected count=4
info|2019-12-13 19:31:04.423502|[P2P][Service] heartBeat,connected count=4
info|2019-12-13 19:31:14.423738|[P2P][Service] heartBeat,connected count=4
info|2019-12-13 19:31:24.424068|[P2P][Service] heartBeat,connected count=4
info|2019-12-13 19:31:34.424145|[P2P][Service] heartBeat,connected count=4
info|2019-12-13 19:31:44.424216|[P2P][Service] heartBeat,connected count=4
info|2019-12-13 19:31:54.424533|[P2P][Service] heartBeat,connected count=4
info|2019-12-13 19:32:04.424639|[P2P][Service] heartBeat,connected count=4
info|2019-12-13 19:32:14.425052|[P2P][Service] heartBeat,connected count=4
info|2019-12-13 19:32:24.425696|[P2P][Service] heartBeat,connected count=4
info|2019-12-13 19:32:34.425914|[P2P][Service] heartBeat,connected count=4
info|2019-12-13 19:32:44.426322|[P2P][Service] heartBeat,connected count=4
info|2019-12-13 19:32:54.426445|[P2P][Service] heartBeat,connected count=4
info|2019-12-13 19:33:04.428027|[P2P][Service] heartBeat,connected count=4
info|2019-12-13 19:33:14.428144|[P2P][Service] heartBeat,connected count=4
info|2019-12-13 19:33:24.428234|[P2P][Service] heartBeat,connected count=4
info|2019-12-13 19:33:34.428760|[P2P][Service] heartBeat,connected count=4
info|2019-12-13 19:33:44.428848|[P2P][Service] heartBeat,connected count=4
info|2019-12-13 19:33:54.428920|[P2P][Service] heartBeat,connected count=4
info|2019-12-13 19:34:02.644836|[LEDGER]stop sealer,groupID=1
info|2019-12-13 19:34:02.644858|[CONSENSUS][SEALER]Stop sealer module...
info|2019-12-13 19:34:02.652683|[CONSENSUS][ConsensusEngine][Stop ConsensusEngineBase]
info|2019-12-13 19:34:02.657848|[CONSENSUS][ConsensusEngine]ConsensusEngineBase stopped
info|2019-12-13 19:34:02.657859|[LEDGER]sealer stopped. stop sync,groupID=1
info|2019-12-13 19:34:02.739881|[SYNC][id:ac1d3784...]SyncMaster stopped
info|2019-12-13 19:34:02.739909|[LEDGER]ledger stopped,groupID=1
info|2019-12-13 19:34:02.750145|[EVENT][EventLogFilterManager]stop
info|2019-12-13 19:34:02.750156|[LEDGER]event filter manager stopped,groupID=1
info|2019-12-13 19:34:02.750160|[INITIALIZER]ledgerInitializer stopped
info|2019-12-13 19:34:03.751439|[INITIALIZER]ChannelRPCHttpServer deleted.
info|2019-12-13 19:34:03.751730|[INITIALIZER]JsonrpcHttpServer deleted.
info|2019-12-13 19:34:03.751737|[INITIALIZER]RPCInitializer stopped
info|2019-12-13 19:34:03.751752|[NETWORK][Host]Host exit
info|2019-12-13 19:34:03.752283|[INITIALIZER]P2PInitializer stopped
info|2019-12-13 19:34:03.752294|[LEDGER]stop sealer,groupID=1
info|2019-12-13 19:34:03.752300|[LEDGER]sealer stopped. stop sync,groupID=1
info|2019-12-13 19:34:03.752304|[SYNC][id:ac1d3784...]SyncMaster stopped
info|2019-12-13 19:34:03.752308|[LEDGER]ledger stopped,groupID=1
info|2019-12-13 19:34:03.752311|[LEDGER]event filter manager stopped,groupID=1
info|2019-12-13 19:34:03.752319|[STORAGE]Stopping flushStorage thread
info|2019-12-13 19:34:04.090316|[STORAGE]flushStorage thread stopped.
info|2019-12-13 19:34:04.090327|[DBINITIALIZER] storage stopped
info|2019-12-13 19:34:04.090375|[SYNC][id:ac1d3784...]SyncMaster stopped
