info|2019-10-22 19:00:00.566158|[P2P][Service] heartBeat,connected count=4
info|2019-10-22 19:00:10.566226|[P2P][Service] heartBeat,connected count=4
info|2019-10-22 19:00:20.566290|[P2P][Service] heartBeat,connected count=4
info|2019-10-22 19:00:30.566387|[P2P][Service] heartBeat,connected count=4
info|2019-10-22 19:00:40.566460|[P2P][Service] heartBeat,connected count=4
info|2019-10-22 19:00:50.566590|[P2P][Service] heartBeat,connected count=4
info|2019-10-22 19:01:00.566799|[P2P][Service] heartBeat,connected count=4
info|2019-10-22 19:01:10.566990|[P2P][Service] heartBeat,connected count=4
info|2019-10-22 19:01:20.567164|[P2P][Service] heartBeat,connected count=4
info|2019-10-22 19:01:30.567230|[P2P][Service] heartBeat,connected count=4
info|2019-10-22 19:01:40.567301|[P2P][Service] heartBeat,connected count=4
info|2019-10-22 19:01:50.567631|[P2P][Service] heartBeat,connected count=4
info|2019-10-22 19:02:00.567715|[P2P][Service] heartBeat,connected count=4
info|2019-10-22 19:02:10.567808|[P2P][Service] heartBeat,connected count=4
info|2019-10-22 19:02:20.567949|[P2P][Service] heartBeat,connected count=4
info|2019-10-22 19:02:30.568044|[P2P][Service] heartBeat,connected count=4
info|2019-10-22 19:02:40.568854|[P2P][Service] heartBeat,connected count=4
info|2019-10-22 19:02:50.569295|[P2P][Service] heartBeat,connected count=4
info|2019-10-22 19:03:00.569366|[P2P][Service] heartBeat,connected count=4
info|2019-10-22 19:03:10.569430|[P2P][Service] heartBeat,connected count=4
info|2019-10-22 19:03:20.569483|[P2P][Service] heartBeat,connected count=4
info|2019-10-22 19:03:30.569776|[P2P][Service] heartBeat,connected count=4
info|2019-10-22 19:03:40.569847|[P2P][Service] heartBeat,connected count=4
info|2019-10-22 19:03:50.569917|[P2P][Service] heartBeat,connected count=4
info|2019-10-22 19:04:00.569998|[P2P][Service] heartBeat,connected count=4
info|2019-10-22 19:04:10.570347|[P2P][Service] heartBeat,connected count=4
info|2019-10-22 19:04:20.570904|[P2P][Service] heartBeat,connected count=4
info|2019-10-22 19:04:30.571000|[P2P][Service] heartBeat,connected count=4
info|2019-10-22 19:04:40.571131|[P2P][Service] heartBeat,connected count=4
info|2019-10-22 19:04:50.571245|[P2P][Service] heartBeat,connected count=4
info|2019-10-22 19:05:00.571321|[P2P][Service] heartBeat,connected count=4
info|2019-10-22 19:05:10.571402|[P2P][Service] heartBeat,connected count=4
info|2019-10-22 19:05:20.571596|[P2P][Service] heartBeat,connected count=4
info|2019-10-22 19:05:30.571694|[P2P][Service] heartBeat,connected count=4
info|2019-10-22 19:05:40.571760|[P2P][Service] heartBeat,connected count=4
info|2019-10-22 19:05:50.571835|[P2P][Service] heartBeat,connected count=4
info|2019-10-22 19:06:00.571980|[P2P][Service] heartBeat,connected count=4
info|2019-10-22 19:06:10.572148|[P2P][Service] heartBeat,connected count=4
info|2019-10-22 19:06:20.572571|[P2P][Service] heartBeat,connected count=4
info|2019-10-22 19:06:30.572691|[P2P][Service] heartBeat,connected count=4
info|2019-10-22 19:06:40.573618|[P2P][Service] heartBeat,connected count=4
info|2019-10-22 19:06:50.574206|[P2P][Service] heartBeat,connected count=4
info|2019-10-22 19:07:00.574442|[P2P][Service] heartBeat,connected count=4
info|2019-10-22 19:07:10.574569|[P2P][Service] heartBeat,connected count=4
info|2019-10-22 19:07:20.574729|[P2P][Service] heartBeat,connected count=4
info|2019-10-22 19:07:30.574832|[P2P][Service] heartBeat,connected count=4
info|2019-10-22 19:07:40.574939|[P2P][Service] heartBeat,connected count=4
info|2019-10-22 19:07:50.575006|[P2P][Service] heartBeat,connected count=4
info|2019-10-22 19:08:00.575123|[P2P][Service] heartBeat,connected count=4
info|2019-10-22 19:08:10.575263|[P2P][Service] heartBeat,connected count=4
info|2019-10-22 19:08:20.575350|[P2P][Service] heartBeat,connected count=4
info|2019-10-22 19:08:30.575418|[P2P][Service] heartBeat,connected count=4
info|2019-10-22 19:08:40.575488|[P2P][Service] heartBeat,connected count=4
info|2019-10-22 19:08:50.575653|[P2P][Service] heartBeat,connected count=4
info|2019-10-22 19:09:00.575792|[P2P][Service] heartBeat,connected count=4
info|2019-10-22 19:09:10.575894|[P2P][Service] heartBeat,connected count=4
info|2019-10-22 19:09:20.576393|[P2P][Service] heartBeat,connected count=4
info|2019-10-22 19:09:30.577078|[P2P][Service] heartBeat,connected count=4
info|2019-10-22 19:09:40.577897|[P2P][Service] heartBeat,connected count=4
info|2019-10-22 19:09:50.578067|[P2P][Service] heartBeat,connected count=4
info|2019-10-22 19:10:00.578149|[P2P][Service] heartBeat,connected count=4
info|2019-10-22 19:10:10.578314|[P2P][Service] heartBeat,connected count=4
info|2019-10-22 19:10:20.578365|[P2P][Service] heartBeat,connected count=4
info|2019-10-22 19:10:30.578463|[P2P][Service] heartBeat,connected count=4
info|2019-10-22 19:10:40.578645|[P2P][Service] heartBeat,connected count=4
info|2019-10-22 19:10:50.579263|[P2P][Service] heartBeat,connected count=4
info|2019-10-22 19:11:00.579346|[P2P][Service] heartBeat,connected count=4
info|2019-10-22 19:11:10.579416|[P2P][Service] heartBeat,connected count=4
info|2019-10-22 19:11:20.579485|[P2P][Service] heartBeat,connected count=4
info|2019-10-22 19:11:30.579549|[P2P][Service] heartBeat,connected count=4
info|2019-10-22 19:11:40.579630|[P2P][Service] heartBeat,connected count=4
info|2019-10-22 19:11:50.579733|[P2P][Service] heartBeat,connected count=4
info|2019-10-22 19:12:00.579826|[P2P][Service] heartBeat,connected count=4
info|2019-10-22 19:12:10.579906|[P2P][Service] heartBeat,connected count=4
info|2019-10-22 19:12:20.579980|[P2P][Service] heartBeat,connected count=4
info|2019-10-22 19:12:30.580093|[P2P][Service] heartBeat,connected count=4
info|2019-10-22 19:12:40.580163|[P2P][Service] heartBeat,connected count=4
info|2019-10-22 19:12:50.580230|[P2P][Service] heartBeat,connected count=4
info|2019-10-22 19:13:00.580300|[P2P][Service] heartBeat,connected count=4
info|2019-10-22 19:13:10.580411|[P2P][Service] heartBeat,connected count=4
info|2019-10-22 19:13:20.580486|[P2P][Service] heartBeat,connected count=4
info|2019-10-22 19:13:30.580977|[P2P][Service] heartBeat,connected count=4
info|2019-10-22 19:13:40.581224|[P2P][Service] heartBeat,connected count=4
info|2019-10-22 19:13:50.581403|[P2P][Service] heartBeat,connected count=4
info|2019-10-22 19:14:00.581571|[P2P][Service] heartBeat,connected count=4
info|2019-10-22 19:14:10.581666|[P2P][Service] heartBeat,connected count=4
info|2019-10-22 19:14:20.581740|[P2P][Service] heartBeat,connected count=4
info|2019-10-22 19:14:30.581864|[P2P][Service] heartBeat,connected count=4
info|2019-10-22 19:14:40.581960|[P2P][Service] heartBeat,connected count=4
info|2019-10-22 19:14:50.582418|[P2P][Service] heartBeat,connected count=4
info|2019-10-22 19:15:00.582922|[P2P][Service] heartBeat,connected count=4
info|2019-10-22 19:15:10.583123|[P2P][Service] heartBeat,connected count=4
info|2019-10-22 19:15:20.583189|[P2P][Service] heartBeat,connected count=4
info|2019-10-22 19:15:30.583354|[P2P][Service] heartBeat,connected count=4
info|2019-10-22 19:15:40.583431|[P2P][Service] heartBeat,connected count=4
info|2019-10-22 19:15:50.583550|[P2P][Service] heartBeat,connected count=4
info|2019-10-22 19:16:00.583849|[P2P][Service] heartBeat,connected count=4
info|2019-10-22 19:16:10.584041|[P2P][Service] heartBeat,connected count=4
info|2019-10-22 19:16:20.584186|[P2P][Service] heartBeat,connected count=4
info|2019-10-22 19:16:30.584379|[P2P][Service] heartBeat,connected count=4
info|2019-10-22 19:16:40.584534|[P2P][Service] heartBeat,connected count=4
info|2019-10-22 19:16:50.584718|[P2P][Service] heartBeat,connected count=4
info|2019-10-22 19:17:00.584790|[P2P][Service] heartBeat,connected count=4
info|2019-10-22 19:17:10.584882|[P2P][Service] heartBeat,connected count=4
info|2019-10-22 19:17:20.585330|[P2P][Service] heartBeat,connected count=4
info|2019-10-22 19:17:30.585468|[P2P][Service] heartBeat,connected count=4
info|2019-10-22 19:17:40.585542|[P2P][Service] heartBeat,connected count=4
info|2019-10-22 19:17:50.585637|[P2P][Service] heartBeat,connected count=4
info|2019-10-22 19:18:00.586336|[P2P][Service] heartBeat,connected count=4
info|2019-10-22 19:18:10.586437|[P2P][Service] heartBeat,connected count=4
info|2019-10-22 19:18:20.586524|[P2P][Service] heartBeat,connected count=4
info|2019-10-22 19:18:30.586612|[P2P][Service] heartBeat,connected count=4
info|2019-10-22 19:18:40.586762|[P2P][Service] heartBeat,connected count=4
info|2019-10-22 19:18:50.587310|[P2P][Service] heartBeat,connected count=4
info|2019-10-22 19:19:00.587382|[P2P][Service] heartBeat,connected count=4
info|2019-10-22 19:19:10.587468|[P2P][Service] heartBeat,connected count=4
info|2019-10-22 19:19:20.587576|[P2P][Service] heartBeat,connected count=4
info|2019-10-22 19:19:30.587704|[P2P][Service] heartBeat,connected count=4
info|2019-10-22 19:19:40.587785|[P2P][Service] heartBeat,connected count=4
info|2019-10-22 19:19:50.587874|[P2P][Service] heartBeat,connected count=4
info|2019-10-22 19:20:00.587984|[P2P][Service] heartBeat,connected count=4
info|2019-10-22 19:20:10.588318|[P2P][Service] heartBeat,connected count=4
info|2019-10-22 19:20:20.588684|[P2P][Service] heartBeat,connected count=4
info|2019-10-22 19:20:30.588751|[P2P][Service] heartBeat,connected count=4
info|2019-10-22 19:20:40.589270|[P2P][Service] heartBeat,connected count=4
info|2019-10-22 19:20:50.589440|[P2P][Service] heartBeat,connected count=4
info|2019-10-22 19:21:00.589546|[P2P][Service] heartBeat,connected count=4
info|2019-10-22 19:21:10.589652|[P2P][Service] heartBeat,connected count=4
info|2019-10-22 19:21:20.589850|[P2P][Service] heartBeat,connected count=4
info|2019-10-22 19:21:30.589996|[P2P][Service] heartBeat,connected count=4
info|2019-10-22 19:21:40.590175|[P2P][Service] heartBeat,connected count=4
info|2019-10-22 19:21:50.590374|[P2P][Service] heartBeat,connected count=4
info|2019-10-22 19:22:00.590552|[P2P][Service] heartBeat,connected count=4
info|2019-10-22 19:22:10.590981|[P2P][Service] heartBeat,connected count=4
info|2019-10-22 19:22:20.591121|[P2P][Service] heartBeat,connected count=4
info|2019-10-22 19:22:30.591229|[P2P][Service] heartBeat,connected count=4
info|2019-10-22 19:22:40.591297|[P2P][Service] heartBeat,connected count=4
info|2019-10-22 19:22:50.591362|[P2P][Service] heartBeat,connected count=4
info|2019-10-22 19:23:00.591443|[P2P][Service] heartBeat,connected count=4
info|2019-10-22 19:23:10.591525|[P2P][Service] heartBeat,connected count=4
info|2019-10-22 19:23:20.592070|[P2P][Service] heartBeat,connected count=4
info|2019-10-22 19:23:30.592134|[P2P][Service] heartBeat,connected count=4
info|2019-10-22 19:23:40.592210|[P2P][Service] heartBeat,connected count=4
info|2019-10-22 19:23:50.592285|[P2P][Service] heartBeat,connected count=4
info|2019-10-22 19:24:00.592377|[P2P][Service] heartBeat,connected count=4
info|2019-10-22 19:24:10.592448|[P2P][Service] heartBeat,connected count=4
info|2019-10-22 19:24:20.592540|[P2P][Service] heartBeat,connected count=4
info|2019-10-22 19:24:30.592625|[P2P][Service] heartBeat,connected count=4
info|2019-10-22 19:24:40.593365|[P2P][Service] heartBeat,connected count=4
info|2019-10-22 19:24:50.593432|[P2P][Service] heartBeat,connected count=4
info|2019-10-22 19:25:00.593692|[P2P][Service] heartBeat,connected count=4
info|2019-10-22 19:25:10.593808|[P2P][Service] heartBeat,connected count=4
info|2019-10-22 19:25:20.594824|[P2P][Service] heartBeat,connected count=4
info|2019-10-22 19:25:30.594997|[P2P][Service] heartBeat,connected count=4
info|2019-10-22 19:25:40.595532|[P2P][Service] heartBeat,connected count=4
info|2019-10-22 19:25:50.595657|[P2P][Service] heartBeat,connected count=4
info|2019-10-22 19:26:00.595727|[P2P][Service] heartBeat,connected count=4
info|2019-10-22 19:26:10.595876|[P2P][Service] heartBeat,connected count=4
info|2019-10-22 19:26:20.596046|[P2P][Service] heartBeat,connected count=4
info|2019-10-22 19:26:30.596140|[P2P][Service] heartBeat,connected count=4
info|2019-10-22 19:26:40.596767|[P2P][Service] heartBeat,connected count=4
info|2019-10-22 19:26:50.596860|[P2P][Service] heartBeat,connected count=4
info|2019-10-22 19:27:00.596983|[P2P][Service] heartBeat,connected count=4
info|2019-10-22 19:27:10.597232|[P2P][Service] heartBeat,connected count=4
info|2019-10-22 19:27:20.597331|[P2P][Service] heartBeat,connected count=4
info|2019-10-22 19:27:30.597443|[P2P][Service] heartBeat,connected count=4
info|2019-10-22 19:27:40.597536|[P2P][Service] heartBeat,connected count=4
info|2019-10-22 19:27:50.597605|[P2P][Service] heartBeat,connected count=4
info|2019-10-22 19:28:00.597679|[P2P][Service] heartBeat,connected count=4
info|2019-10-22 19:28:10.597851|[P2P][Service] heartBeat,connected count=4
warning|2019-10-22 19:28:13.766221|[NETWORK][Session]doRead error,endpoint=127.0.0.1:30300,message=stream truncated
info|2019-10-22 19:28:13.766238|[NETWORK][Session]drop, call and erase all callbackFunc in this session!,endpoint=127.0.0.1:30300
warning|2019-10-22 19:28:13.766261|[NETWORK][Session][drop] closing remote 127.0.0.1:30300,reason=Low-level TCP communication error.,endpoint=127.0.0.1:30300
warning|2019-10-22 19:28:13.766299|[NETWORK][Session][drop] shutdown failed ,errorValue=9,message=Bad file descriptor
warning|2019-10-22 19:28:13.766359|[P2P][Service] disconnect error P2PSession,nodeID=91d7c328...,endpoint=127.0.0.1:30300,errorCode=3,what=Disconnect
warning|2019-10-22 19:28:13.766372|[P2P][Service] onDisconnect,errorCode=3,what=Dynamic exception type: dev::network::NetworkException
std::exception::what: Disconnect

