info|2019-12-13 21:09:58.013620|[INITIALIZER][initGlobalConfig],enableCompress=true,compatibilityVersion=2.1.0,versionNumber=33619968,chainId=1
info|2019-12-13 21:09:58.287010|[NETWORK][Host]Connecting to node,endpoint=127.0.0.1:30300
info|2019-12-13 21:09:58.287924|[NETWORK][Host]P2P StartAccept,Host=0.0.0.0:30304
info|2019-12-13 21:09:58.299452|[NETWORK][Host]Connecting to node,endpoint=127.0.0.1:30301
info|2019-12-13 21:09:58.299494|[NETWORK][Host]Connecting to node,endpoint=127.0.0.1:30302
info|2019-12-13 21:09:58.299521|[NETWORK][Host]Connecting to node,endpoint=127.0.0.1:30303
info|2019-12-13 21:09:58.299547|[NETWORK][Host]Connecting to node,endpoint=127.0.0.1:30304
info|2019-12-13 21:09:58.299571|[P2P][Service] heartBeat,connected count=0
info|2019-12-13 21:09:58.300069|[CHANNEL]ChannelRPCServer started
info|2019-12-13 21:09:58.300075|[INITIALIZER][RPCInitializer]ChannelRPCHttpServer started.
info|2019-12-13 21:09:58.300084|[LedgerInitializer],groupConfigPath=conf/
info|2019-12-13 21:09:58.303128|[INITIALIZER][initSingleLedger] [GroupId]:  1
info|2019-12-13 21:09:58.303142|[g:1][LEDGER]LedgerConstructor,configPath=conf/group.1.genesis,baseDir=data//group1
info|2019-12-13 21:09:58.303147|[g:1][LEDGER][initGenesisConfig]initConsensusConfig/initDBConfig/initTxConfig,configFile=conf/group.1.genesis
info|2019-12-13 21:09:58.303226|[g:1][LEDGER][initConsensusConfig],it.first=91d7c3285bd2bdcb4b66e14900ac2507096778624d8184889019b9b585151156fcc0771eca377ba77982c85cec6ffd1b53d8ba47d06b01278dcfc3a66f16d30a
info|2019-12-13 21:09:58.303241|[g:1][LEDGER][initConsensusConfig],it.first=00012c0a7144fafc671224f1cb66744cd3a73ae63ea77c96fd5c1529e915f550b889d82724dc92071b59f849dd3f39bd38081b3c7c6d1f4d8c1c7ae768b9415b
info|2019-12-13 21:09:58.303256|[g:1][LEDGER][initConsensusConfig],it.first=e66cf815f7ae0ad36a14f91eb70d19453a0598ecc171f09feb81d50096ec1e31f7b4d0c794393f9aae7fc444d3179ace9ec4d38221cf95771164a5e72216180e
info|2019-12-13 21:09:58.303273|[g:1][LEDGER][initConsensusConfig],it.first=0fb9fa716ac3a240d8be73fde0b77dc3fd0289504ca83c246f3e7b039ea2bb518df5dfbe3c061bf23fa3c47bb689006d6055c51f8179332b0853afd7073595c6
info|2019-12-13 21:09:58.303304|[g:1][LEDGER][initIniConfig]initTxPoolConfig/initSyncConfig/initTxExecuteConfig,configFile=conf/group.1.ini
info|2019-12-13 21:09:58.306237|[NETWORK][ASIO]asyncResolveConnect,endpoint=127.0.0.1:30300
info|2019-12-13 21:09:58.306285|[NETWORK][ASIO]asyncResolveConnect,endpoint=127.0.0.1:30301
info|2019-12-13 21:09:58.306323|[NETWORK][ASIO]asyncResolveConnect,endpoint=127.0.0.1:30302
info|2019-12-13 21:09:58.306363|[NETWORK][ASIO]asyncResolveConnect,endpoint=127.0.0.1:30303
info|2019-12-13 21:09:58.306402|[NETWORK][ASIO]asyncResolveConnect,endpoint=127.0.0.1:30304
info|2019-12-13 21:09:58.306823|[NETWORK][Host]P2P Recv Connect, From=127.0.0.1:60918
info|2019-12-13 21:09:58.306868|[NETWORK][Host]P2P StartAccept,Host=0.0.0.0:30304
info|2019-12-13 21:09:58.309219|[g:1][LEDGER][initLedger][DBInitializer]
info|2019-12-13 21:09:58.309231|[g:1][DBINITIALIZER] [initRocksDBStorage]
info|2019-12-13 21:09:58.344336|[g:1][ROCKSDB]open rocksDB handler
info|2019-12-13 21:09:58.519085|[NETWORK][Host]startPeerSession, From=127.0.0.1:60918,nodeID=ac1d3784...
info|2019-12-13 21:09:58.546499|[NETWORK][Host]startPeerSession, From=127.0.0.1:30304,nodeID=ac1d3784...
info|2019-12-13 21:09:58.547256|[P2P][Service] Connection established,nodeID=0fb9fa71...,endpoint=127.0.0.1:30303
info|2019-12-13 21:09:58.550341|[NETWORK][Host]startPeerSession, From=127.0.0.1:30303,nodeID=0fb9fa71...
info|2019-12-13 21:09:58.550535|[P2P][Service] Connection established,nodeID=91d7c328...,endpoint=127.0.0.1:30300
info|2019-12-13 21:09:58.550556|[NETWORK][Host]startPeerSession, From=127.0.0.1:30300,nodeID=91d7c328...
info|2019-12-13 21:09:58.550659|[P2P][Service] Connection established,nodeID=e66cf815...,endpoint=127.0.0.1:30302
info|2019-12-13 21:09:58.551549|[NETWORK][Host]startPeerSession, From=127.0.0.1:30302,nodeID=e66cf815...
info|2019-12-13 21:09:58.558050|[NETWORK][Host]startPeerSession, From=127.0.0.1:30301,nodeID=00012c0a...
info|2019-12-13 21:09:58.558114|[P2P][Service] Connection established,nodeID=00012c0a...,endpoint=127.0.0.1:30301
info|2019-12-13 21:09:58.578885|[g:1][g:0][STORAGE][CachedStorage]Init flushStorage thread
info|2019-12-13 21:09:58.604611|[g:1][BLOCKCHAIN][#checkAndBuildGenesisBlock]Already have the 0th block, 0th groupMark is equal to file groupMark.
info|2019-12-13 21:09:58.617574|[g:1][CONSENSUS][PBFT]Register handler for PBFTEngine
info|2019-12-13 21:09:58.633070|[g:1][CONSENSUS][PBFT],minBlockGenerationTime=500
info|2019-12-13 21:09:58.633130|[LedgerInitializer init group succ],groupID=1
info|2019-12-13 21:09:58.633580|[INITIALIZER][RPCInitializer]JsonrpcHttpServer started.
info|2019-12-13 21:09:58.633589|[g:1][LEDGER]startAll...
info|2019-12-13 21:09:58.636057|[g:1][CONSENSUS][PBFT]^^^^^^^^Report,num=0,sealerIdx=0,hash=0db8e606...,next=1,tx=0,nodeIdx=65535
info|2019-12-13 21:09:58.715911|[g:1][CONSENSUS][PBFT][PBFT init env successfully]
info|2019-12-13 21:09:58.715932|[g:1][CONSENSUS][ConsensusEngine][Start ConsensusEngineBase]
info|2019-12-13 21:09:58.720868|[g:1][CONSENSUS][PBFT][Start PBFTEngine...]
info|2019-12-13 21:09:58.720878|[g:1][CONSENSUS][SEALER][Start sealer module]
info|2019-12-13 21:09:58.720987|[g:1][CONSENSUS][PBFT]^^^^^^^^Report,num=0,sealerIdx=0,hash=0db8e606...,next=1,tx=0,nodeIdx=65535
info|2019-12-13 21:09:58.722991|[g:1][EVENT][EventLogFilterManager]start,m_maxBlockRange=0,m_maxBlockPerLoopFilter=3
info|2019-12-13 21:10:08.300226|[P2P][Service] heartBeat,connected count=4
info|2019-12-13 21:10:08.540883|[NETWORK][Session]Received topic: [1	_block_notify_1] from 91d7c3285bd2bdcb4b66e14900ac2507096778624d8184889019b9b585151156fcc0771eca377ba77982c85cec6ffd1b53d8ba47d06b01278dcfc3a66f16d30a
info|2019-12-13 21:10:13.540764|[NETWORK][Session]Received topic: [2] from 91d7c3285bd2bdcb4b66e14900ac2507096778624d8184889019b9b585151156fcc0771eca377ba77982c85cec6ffd1b53d8ba47d06b01278dcfc3a66f16d30a
info|2019-12-13 21:10:18.300408|[P2P][Service] heartBeat,connected count=4
info|2019-12-13 21:10:28.300462|[P2P][Service] heartBeat,connected count=4
info|2019-12-13 21:10:38.301276|[P2P][Service] heartBeat,connected count=4
info|2019-12-13 21:10:48.301487|[P2P][Service] heartBeat,connected count=4
info|2019-12-13 21:10:58.301583|[P2P][Service] heartBeat,connected count=4
info|2019-12-13 21:11:08.301633|[P2P][Service] heartBeat,connected count=4
info|2019-12-13 21:11:18.301705|[P2P][Service] heartBeat,connected count=4
info|2019-12-13 21:11:28.301842|[P2P][Service] heartBeat,connected count=4
info|2019-12-13 21:11:38.301916|[P2P][Service] heartBeat,connected count=4
info|2019-12-13 21:11:48.302025|[P2P][Service] heartBeat,connected count=4
info|2019-12-13 21:11:58.302155|[P2P][Service] heartBeat,connected count=4
info|2019-12-13 21:12:08.302248|[P2P][Service] heartBeat,connected count=4
info|2019-12-13 21:12:18.302511|[P2P][Service] heartBeat,connected count=4
info|2019-12-13 21:12:28.302639|[P2P][Service] heartBeat,connected count=4
info|2019-12-13 21:12:38.302772|[P2P][Service] heartBeat,connected count=4
info|2019-12-13 21:12:48.303029|[P2P][Service] heartBeat,connected count=4
info|2019-12-13 21:12:58.303129|[P2P][Service] heartBeat,connected count=4
info|2019-12-13 21:13:08.303458|[P2P][Service] heartBeat,connected count=4
info|2019-12-13 21:13:18.303960|[P2P][Service] heartBeat,connected count=4
info|2019-12-13 21:13:28.304484|[P2P][Service] heartBeat,connected count=4
info|2019-12-13 21:13:38.304543|[P2P][Service] heartBeat,connected count=4
info|2019-12-13 21:13:48.304599|[P2P][Service] heartBeat,connected count=4
info|2019-12-13 21:13:58.304659|[P2P][Service] heartBeat,connected count=4
info|2019-12-13 21:14:08.304723|[P2P][Service] heartBeat,connected count=4
info|2019-12-13 21:14:18.305554|[P2P][Service] heartBeat,connected count=4
info|2019-12-13 21:14:28.305614|[P2P][Service] heartBeat,connected count=4
info|2019-12-13 21:14:38.305714|[P2P][Service] heartBeat,connected count=4
info|2019-12-13 21:14:48.306298|[P2P][Service] heartBeat,connected count=4
info|2019-12-13 21:14:58.307402|[P2P][Service] heartBeat,connected count=4
info|2019-12-13 21:15:08.307496|[P2P][Service] heartBeat,connected count=4
info|2019-12-13 21:15:18.307558|[P2P][Service] heartBeat,connected count=4
info|2019-12-13 21:15:28.309148|[P2P][Service] heartBeat,connected count=4
info|2019-12-13 21:15:38.309254|[P2P][Service] heartBeat,connected count=4
info|2019-12-13 21:15:48.309307|[P2P][Service] heartBeat,connected count=4
info|2019-12-13 21:15:58.309382|[P2P][Service] heartBeat,connected count=4
info|2019-12-13 21:16:08.309721|[P2P][Service] heartBeat,connected count=4
info|2019-12-13 21:16:18.309911|[P2P][Service] heartBeat,connected count=4
info|2019-12-13 21:16:28.316295|[P2P][Service] heartBeat,connected count=4
info|2019-12-13 21:16:38.316531|[P2P][Service] heartBeat,connected count=4
info|2019-12-13 21:16:48.316745|[P2P][Service] heartBeat,connected count=4
info|2019-12-13 21:16:58.316805|[P2P][Service] heartBeat,connected count=4
info|2019-12-13 21:17:08.316868|[P2P][Service] heartBeat,connected count=4
info|2019-12-13 21:17:18.317211|[P2P][Service] heartBeat,connected count=4
info|2019-12-13 21:17:28.317364|[P2P][Service] heartBeat,connected count=4
info|2019-12-13 21:17:38.317751|[P2P][Service] heartBeat,connected count=4
info|2019-12-13 21:17:48.317852|[P2P][Service] heartBeat,connected count=4
info|2019-12-13 21:17:58.318155|[P2P][Service] heartBeat,connected count=4
info|2019-12-13 21:18:08.318239|[P2P][Service] heartBeat,connected count=4
info|2019-12-13 21:18:18.318307|[P2P][Service] heartBeat,connected count=4
info|2019-12-13 21:18:28.319111|[P2P][Service] heartBeat,connected count=4
info|2019-12-13 21:18:38.319235|[P2P][Service] heartBeat,connected count=4
info|2019-12-13 21:18:48.319421|[P2P][Service] heartBeat,connected count=4
info|2019-12-13 21:18:58.320111|[P2P][Service] heartBeat,connected count=4
info|2019-12-13 21:19:08.320216|[P2P][Service] heartBeat,connected count=4
info|2019-12-13 21:19:18.320741|[P2P][Service] heartBeat,connected count=4
info|2019-12-13 21:19:28.320823|[P2P][Service] heartBeat,connected count=4
info|2019-12-13 21:19:38.320899|[P2P][Service] heartBeat,connected count=4
info|2019-12-13 21:19:48.321051|[P2P][Service] heartBeat,connected count=4
info|2019-12-13 21:19:58.321223|[P2P][Service] heartBeat,connected count=4
info|2019-12-13 21:20:08.321837|[P2P][Service] heartBeat,connected count=4
info|2019-12-13 21:20:18.322311|[P2P][Service] heartBeat,connected count=4
info|2019-12-13 21:20:28.322670|[P2P][Service] heartBeat,connected count=4
info|2019-12-13 21:20:38.322733|[P2P][Service] heartBeat,connected count=4
info|2019-12-13 21:20:48.323287|[P2P][Service] heartBeat,connected count=4
info|2019-12-13 21:20:58.323368|[P2P][Service] heartBeat,connected count=4
info|2019-12-13 21:21:08.323630|[P2P][Service] heartBeat,connected count=4
info|2019-12-13 21:21:18.323705|[P2P][Service] heartBeat,connected count=4
info|2019-12-13 21:21:28.323885|[P2P][Service] heartBeat,connected count=4
info|2019-12-13 21:21:38.324736|[P2P][Service] heartBeat,connected count=4
info|2019-12-13 21:21:43.589898|[NETWORK][Session]Received topic: [4] from 91d7c3285bd2bdcb4b66e14900ac2507096778624d8184889019b9b585151156fcc0771eca377ba77982c85cec6ffd1b53d8ba47d06b01278dcfc3a66f16d30a
info|2019-12-13 21:21:48.325208|[P2P][Service] heartBeat,connected count=4
info|2019-12-13 21:21:58.325956|[P2P][Service] heartBeat,connected count=4
info|2019-12-13 21:22:08.326058|[P2P][Service] heartBeat,connected count=4
info|2019-12-13 21:22:18.326204|[P2P][Service] heartBeat,connected count=4
info|2019-12-13 21:22:28.326296|[P2P][Service] heartBeat,connected count=4
info|2019-12-13 21:22:38.326364|[P2P][Service] heartBeat,connected count=4
info|2019-12-13 21:22:48.326436|[P2P][Service] heartBeat,connected count=4
info|2019-12-13 21:22:58.326546|[P2P][Service] heartBeat,connected count=4
info|2019-12-13 21:23:08.326680|[P2P][Service] heartBeat,connected count=4
info|2019-12-13 21:23:18.326803|[P2P][Service] heartBeat,connected count=4
info|2019-12-13 21:23:28.327588|[P2P][Service] heartBeat,connected count=4
info|2019-12-13 21:23:38.327679|[P2P][Service] heartBeat,connected count=4
info|2019-12-13 21:23:48.327981|[P2P][Service] heartBeat,connected count=4
info|2019-12-13 21:23:58.328060|[P2P][Service] heartBeat,connected count=4
info|2019-12-13 21:24:08.328762|[P2P][Service] heartBeat,connected count=4
info|2019-12-13 21:24:18.328836|[P2P][Service] heartBeat,connected count=4
info|2019-12-13 21:24:28.328918|[P2P][Service] heartBeat,connected count=4
info|2019-12-13 21:24:38.330567|[P2P][Service] heartBeat,connected count=4
info|2019-12-13 21:24:48.331340|[P2P][Service] heartBeat,connected count=4
info|2019-12-13 21:24:58.331407|[P2P][Service] heartBeat,connected count=4
info|2019-12-13 21:25:08.331477|[P2P][Service] heartBeat,connected count=4
info|2019-12-13 21:25:18.331601|[P2P][Service] heartBeat,connected count=4
info|2019-12-13 21:25:28.332245|[P2P][Service] heartBeat,connected count=4
info|2019-12-13 21:25:38.332315|[P2P][Service] heartBeat,connected count=4
info|2019-12-13 21:25:48.332476|[P2P][Service] heartBeat,connected count=4
info|2019-12-13 21:25:58.332632|[P2P][Service] heartBeat,connected count=4
info|2019-12-13 21:26:08.332749|[P2P][Service] heartBeat,connected count=4
info|2019-12-13 21:26:18.332878|[P2P][Service] heartBeat,connected count=4
info|2019-12-13 21:26:28.332943|[P2P][Service] heartBeat,connected count=4
info|2019-12-13 21:26:38.333022|[P2P][Service] heartBeat,connected count=4
info|2019-12-13 21:26:48.333145|[P2P][Service] heartBeat,connected count=4
info|2019-12-13 21:26:58.333278|[P2P][Service] heartBeat,connected count=4
info|2019-12-13 21:27:08.333340|[P2P][Service] heartBeat,connected count=4
info|2019-12-13 21:27:18.333408|[P2P][Service] heartBeat,connected count=4
info|2019-12-13 21:27:28.333539|[P2P][Service] heartBeat,connected count=4
info|2019-12-13 21:27:38.333612|[P2P][Service] heartBeat,connected count=4
info|2019-12-13 21:27:48.333728|[P2P][Service] heartBeat,connected count=4
info|2019-12-13 21:27:58.334218|[P2P][Service] heartBeat,connected count=4
info|2019-12-13 21:28:08.334775|[P2P][Service] heartBeat,connected count=4
info|2019-12-13 21:28:18.334839|[P2P][Service] heartBeat,connected count=4
info|2019-12-13 21:28:28.334909|[P2P][Service] heartBeat,connected count=4
info|2019-12-13 21:28:38.334973|[P2P][Service] heartBeat,connected count=4
info|2019-12-13 21:28:48.335695|[P2P][Service] heartBeat,connected count=4
info|2019-12-13 21:28:58.335849|[P2P][Service] heartBeat,connected count=4
info|2019-12-13 21:29:08.336174|[P2P][Service] heartBeat,connected count=4
info|2019-12-13 21:29:18.336513|[P2P][Service] heartBeat,connected count=4
info|2019-12-13 21:29:28.336604|[P2P][Service] heartBeat,connected count=4
info|2019-12-13 21:29:38.337268|[P2P][Service] heartBeat,connected count=4
info|2019-12-13 21:29:48.337339|[P2P][Service] heartBeat,connected count=4
info|2019-12-13 21:29:58.337406|[P2P][Service] heartBeat,connected count=4
info|2019-12-13 21:30:08.337505|[P2P][Service] heartBeat,connected count=4
info|2019-12-13 21:30:18.337593|[P2P][Service] heartBeat,connected count=4
info|2019-12-13 21:30:28.337665|[P2P][Service] heartBeat,connected count=4
info|2019-12-13 21:30:38.337742|[P2P][Service] heartBeat,connected count=4
info|2019-12-13 21:30:48.338039|[P2P][Service] heartBeat,connected count=4
info|2019-12-13 21:30:58.338101|[P2P][Service] heartBeat,connected count=4
info|2019-12-13 21:31:08.338185|[P2P][Service] heartBeat,connected count=4
info|2019-12-13 21:31:18.338705|[P2P][Service] heartBeat,connected count=4
info|2019-12-13 21:31:28.338855|[P2P][Service] heartBeat,connected count=4
info|2019-12-13 21:31:38.339619|[P2P][Service] heartBeat,connected count=4
info|2019-12-13 21:31:48.340144|[P2P][Service] heartBeat,connected count=4
info|2019-12-13 21:31:58.340225|[P2P][Service] heartBeat,connected count=4
info|2019-12-13 21:32:08.340293|[P2P][Service] heartBeat,connected count=4
info|2019-12-13 21:32:18.340375|[P2P][Service] heartBeat,connected count=4
info|2019-12-13 21:32:28.340648|[P2P][Service] heartBeat,connected count=4
info|2019-12-13 21:32:38.340838|[P2P][Service] heartBeat,connected count=4
info|2019-12-13 21:32:48.340900|[P2P][Service] heartBeat,connected count=4
info|2019-12-13 21:32:58.341062|[P2P][Service] heartBeat,connected count=4
info|2019-12-13 21:33:08.341399|[P2P][Service] heartBeat,connected count=4
info|2019-12-13 21:33:18.341467|[P2P][Service] heartBeat,connected count=4
info|2019-12-13 21:33:28.341544|[P2P][Service] heartBeat,connected count=4
info|2019-12-13 21:33:38.341611|[P2P][Service] heartBeat,connected count=4
info|2019-12-13 21:33:48.341685|[P2P][Service] heartBeat,connected count=4
info|2019-12-13 21:33:58.341792|[P2P][Service] heartBeat,connected count=4
info|2019-12-13 21:34:08.342285|[P2P][Service] heartBeat,connected count=4
info|2019-12-13 21:34:18.342365|[P2P][Service] heartBeat,connected count=4
info|2019-12-13 21:34:28.342492|[P2P][Service] heartBeat,connected count=4
info|2019-12-13 21:34:38.342602|[P2P][Service] heartBeat,connected count=4
info|2019-12-13 21:34:48.342732|[P2P][Service] heartBeat,connected count=4
info|2019-12-13 21:34:58.342978|[P2P][Service] heartBeat,connected count=4
info|2019-12-13 21:35:08.343122|[P2P][Service] heartBeat,connected count=4
info|2019-12-13 21:35:18.343237|[P2P][Service] heartBeat,connected count=4
info|2019-12-13 21:35:28.343290|[P2P][Service] heartBeat,connected count=4
info|2019-12-13 21:35:38.343490|[P2P][Service] heartBeat,connected count=4
info|2019-12-13 21:35:48.343626|[P2P][Service] heartBeat,connected count=4
info|2019-12-13 21:35:58.343704|[P2P][Service] heartBeat,connected count=4
info|2019-12-13 21:36:08.344023|[P2P][Service] heartBeat,connected count=4
info|2019-12-13 21:36:18.344533|[P2P][Service] heartBeat,connected count=4
info|2019-12-13 21:36:28.344677|[P2P][Service] heartBeat,connected count=4
info|2019-12-13 21:36:38.345391|[P2P][Service] heartBeat,connected count=4
info|2019-12-13 21:36:48.345771|[P2P][Service] heartBeat,connected count=4
info|2019-12-13 21:36:58.345849|[P2P][Service] heartBeat,connected count=4
info|2019-12-13 21:37:08.345933|[P2P][Service] heartBeat,connected count=4
info|2019-12-13 21:37:18.346042|[P2P][Service] heartBeat,connected count=4
info|2019-12-13 21:37:28.346133|[P2P][Service] heartBeat,connected count=4
info|2019-12-13 21:37:38.346260|[P2P][Service] heartBeat,connected count=4
info|2019-12-13 21:37:48.346350|[P2P][Service] heartBeat,connected count=4
info|2019-12-13 21:37:58.346431|[P2P][Service] heartBeat,connected count=4
info|2019-12-13 21:38:08.346514|[P2P][Service] heartBeat,connected count=4
info|2019-12-13 21:38:18.346582|[P2P][Service] heartBeat,connected count=4
info|2019-12-13 21:38:28.346894|[P2P][Service] heartBeat,connected count=4
info|2019-12-13 21:38:38.346974|[P2P][Service] heartBeat,connected count=4
info|2019-12-13 21:38:48.347051|[P2P][Service] heartBeat,connected count=4
info|2019-12-13 21:38:58.347196|[P2P][Service] heartBeat,connected count=4
info|2019-12-13 21:39:08.347447|[P2P][Service] heartBeat,connected count=4
info|2019-12-13 21:39:18.347518|[P2P][Service] heartBeat,connected count=4
info|2019-12-13 21:39:28.347604|[P2P][Service] heartBeat,connected count=4
info|2019-12-13 21:39:38.347711|[P2P][Service] heartBeat,connected count=4
info|2019-12-13 21:39:48.348052|[P2P][Service] heartBeat,connected count=4
info|2019-12-13 21:39:58.348135|[P2P][Service] heartBeat,connected count=4
info|2019-12-13 21:40:08.348196|[P2P][Service] heartBeat,connected count=4
info|2019-12-13 21:40:18.348265|[P2P][Service] heartBeat,connected count=4
info|2019-12-13 21:40:28.348329|[P2P][Service] heartBeat,connected count=4
info|2019-12-13 21:40:38.348398|[P2P][Service] heartBeat,connected count=4
info|2019-12-13 21:40:48.348470|[P2P][Service] heartBeat,connected count=4
info|2019-12-13 21:40:58.348658|[P2P][Service] heartBeat,connected count=4
info|2019-12-13 21:41:08.348744|[P2P][Service] heartBeat,connected count=4
info|2019-12-13 21:41:18.348813|[P2P][Service] heartBeat,connected count=4
info|2019-12-13 21:41:28.349617|[P2P][Service] heartBeat,connected count=4
info|2019-12-13 21:41:38.349810|[P2P][Service] heartBeat,connected count=4
info|2019-12-13 21:41:48.349971|[P2P][Service] heartBeat,connected count=4
info|2019-12-13 21:41:58.350111|[P2P][Service] heartBeat,connected count=4
info|2019-12-13 21:42:08.350744|[P2P][Service] heartBeat,connected count=4
info|2019-12-13 21:42:18.351172|[P2P][Service] heartBeat,connected count=4
info|2019-12-13 21:42:28.351646|[P2P][Service] heartBeat,connected count=4
info|2019-12-13 21:42:38.351748|[P2P][Service] heartBeat,connected count=4
info|2019-12-13 21:42:48.351827|[P2P][Service] heartBeat,connected count=4
info|2019-12-13 21:42:58.351928|[P2P][Service] heartBeat,connected count=4
info|2019-12-13 21:43:08.352009|[P2P][Service] heartBeat,connected count=4
info|2019-12-13 21:43:18.352704|[P2P][Service] heartBeat,connected count=4
info|2019-12-13 21:43:28.352771|[P2P][Service] heartBeat,connected count=4
info|2019-12-13 21:43:38.352891|[P2P][Service] heartBeat,connected count=4
info|2019-12-13 21:43:48.353388|[P2P][Service] heartBeat,connected count=4
info|2019-12-13 21:43:58.353467|[P2P][Service] heartBeat,connected count=4
info|2019-12-13 21:44:08.353553|[P2P][Service] heartBeat,connected count=4
info|2019-12-13 21:44:18.353941|[P2P][Service] heartBeat,connected count=4
info|2019-12-13 21:44:28.354448|[P2P][Service] heartBeat,connected count=4
info|2019-12-13 21:44:38.355315|[P2P][Service] heartBeat,connected count=4
info|2019-12-13 21:44:48.355492|[P2P][Service] heartBeat,connected count=4
info|2019-12-13 21:44:58.355560|[P2P][Service] heartBeat,connected count=4
info|2019-12-13 21:45:08.355629|[P2P][Service] heartBeat,connected count=4
info|2019-12-13 21:45:18.355698|[P2P][Service] heartBeat,connected count=4
info|2019-12-13 21:45:28.355809|[P2P][Service] heartBeat,connected count=4
info|2019-12-13 21:45:38.355879|[P2P][Service] heartBeat,connected count=4
info|2019-12-13 21:45:48.355943|[P2P][Service] heartBeat,connected count=4
info|2019-12-13 21:45:58.356014|[P2P][Service] heartBeat,connected count=4
info|2019-12-13 21:46:08.356080|[P2P][Service] heartBeat,connected count=4
info|2019-12-13 21:46:18.356142|[P2P][Service] heartBeat,connected count=4
info|2019-12-13 21:46:28.356214|[P2P][Service] heartBeat,connected count=4
info|2019-12-13 21:46:38.356313|[P2P][Service] heartBeat,connected count=4
info|2019-12-13 21:46:48.356468|[P2P][Service] heartBeat,connected count=4
info|2019-12-13 21:46:58.356535|[P2P][Service] heartBeat,connected count=4
info|2019-12-13 21:47:08.356613|[P2P][Service] heartBeat,connected count=4
info|2019-12-13 21:47:18.356686|[P2P][Service] heartBeat,connected count=4
info|2019-12-13 21:47:28.356757|[P2P][Service] heartBeat,connected count=4
info|2019-12-13 21:47:38.356824|[P2P][Service] heartBeat,connected count=4
info|2019-12-13 21:47:48.357523|[P2P][Service] heartBeat,connected count=4
info|2019-12-13 21:47:58.357600|[P2P][Service] heartBeat,connected count=4
info|2019-12-13 21:48:08.358344|[P2P][Service] heartBeat,connected count=4
info|2019-12-13 21:48:18.358411|[P2P][Service] heartBeat,connected count=4
info|2019-12-13 21:48:28.358540|[P2P][Service] heartBeat,connected count=4
info|2019-12-13 21:48:38.358627|[P2P][Service] heartBeat,connected count=4
info|2019-12-13 21:48:48.359459|[P2P][Service] heartBeat,connected count=4
info|2019-12-13 21:48:58.359577|[P2P][Service] heartBeat,connected count=4
info|2019-12-13 21:49:08.359652|[P2P][Service] heartBeat,connected count=4
info|2019-12-13 21:49:18.359720|[P2P][Service] heartBeat,connected count=4
info|2019-12-13 21:49:28.359810|[P2P][Service] heartBeat,connected count=4
info|2019-12-13 21:49:38.359886|[P2P][Service] heartBeat,connected count=4
info|2019-12-13 21:49:48.360133|[P2P][Service] heartBeat,connected count=4
info|2019-12-13 21:49:58.360203|[P2P][Service] heartBeat,connected count=4
info|2019-12-13 21:50:08.360277|[P2P][Service] heartBeat,connected count=4
info|2019-12-13 21:50:18.360480|[P2P][Service] heartBeat,connected count=4
info|2019-12-13 21:50:28.361371|[P2P][Service] heartBeat,connected count=4
info|2019-12-13 21:50:38.361506|[P2P][Service] heartBeat,connected count=4
info|2019-12-13 21:50:48.361681|[P2P][Service] heartBeat,connected count=4
info|2019-12-13 21:50:58.361797|[P2P][Service] heartBeat,connected count=4
info|2019-12-13 21:51:08.361869|[P2P][Service] heartBeat,connected count=4
info|2019-12-13 21:51:18.361953|[P2P][Service] heartBeat,connected count=4
info|2019-12-13 21:51:28.362090|[P2P][Service] heartBeat,connected count=4
info|2019-12-13 21:51:38.362205|[P2P][Service] heartBeat,connected count=4
info|2019-12-13 21:51:48.362277|[P2P][Service] heartBeat,connected count=4
info|2019-12-13 21:51:58.362349|[P2P][Service] heartBeat,connected count=4
info|2019-12-13 21:52:08.362503|[P2P][Service] heartBeat,connected count=4
info|2019-12-13 21:52:18.362790|[P2P][Service] heartBeat,connected count=4
info|2019-12-13 21:52:28.362893|[P2P][Service] heartBeat,connected count=4
info|2019-12-13 21:52:38.362984|[P2P][Service] heartBeat,connected count=4
info|2019-12-13 21:52:48.363183|[P2P][Service] heartBeat,connected count=4
info|2019-12-13 21:52:58.363909|[P2P][Service] heartBeat,connected count=4
info|2019-12-13 21:53:08.364073|[P2P][Service] heartBeat,connected count=4
info|2019-12-13 21:53:18.364429|[P2P][Service] heartBeat,connected count=4
info|2019-12-13 21:53:28.364547|[P2P][Service] heartBeat,connected count=4
info|2019-12-13 21:53:38.364661|[P2P][Service] heartBeat,connected count=4
info|2019-12-13 21:53:48.369938|[P2P][Service] heartBeat,connected count=4
info|2019-12-13 21:53:58.370027|[P2P][Service] heartBeat,connected count=4
info|2019-12-13 21:54:08.370099|[P2P][Service] heartBeat,connected count=4
info|2019-12-13 21:54:18.370168|[P2P][Service] heartBeat,connected count=4
info|2019-12-13 21:54:28.370295|[P2P][Service] heartBeat,connected count=4
info|2019-12-13 21:54:38.370936|[P2P][Service] heartBeat,connected count=4
info|2019-12-13 21:54:48.371490|[P2P][Service] heartBeat,connected count=4
info|2019-12-13 21:54:58.371999|[P2P][Service] heartBeat,connected count=4
info|2019-12-13 21:55:08.372346|[P2P][Service] heartBeat,connected count=4
info|2019-12-13 21:55:18.372890|[P2P][Service] heartBeat,connected count=4
info|2019-12-13 21:55:28.373080|[P2P][Service] heartBeat,connected count=4
info|2019-12-13 21:55:38.373834|[P2P][Service] heartBeat,connected count=4
info|2019-12-13 21:55:48.373894|[P2P][Service] heartBeat,connected count=4
info|2019-12-13 21:55:58.374303|[P2P][Service] heartBeat,connected count=4
info|2019-12-13 21:56:08.374526|[P2P][Service] heartBeat,connected count=4
info|2019-12-13 21:56:18.374584|[P2P][Service] heartBeat,connected count=4
info|2019-12-13 21:56:28.374699|[P2P][Service] heartBeat,connected count=4
info|2019-12-13 21:56:38.374848|[P2P][Service] heartBeat,connected count=4
info|2019-12-13 21:56:48.374963|[P2P][Service] heartBeat,connected count=4
info|2019-12-13 21:56:58.375108|[P2P][Service] heartBeat,connected count=4
info|2019-12-13 21:57:08.375202|[P2P][Service] heartBeat,connected count=4
info|2019-12-13 21:57:18.375285|[P2P][Service] heartBeat,connected count=4
info|2019-12-13 21:57:28.375389|[P2P][Service] heartBeat,connected count=4
info|2019-12-13 21:57:38.375474|[P2P][Service] heartBeat,connected count=4
info|2019-12-13 21:57:48.375552|[P2P][Service] heartBeat,connected count=4
info|2019-12-13 21:57:58.376246|[P2P][Service] heartBeat,connected count=4
info|2019-12-13 21:58:08.378144|[P2P][Service] heartBeat,connected count=4
info|2019-12-13 21:58:18.378208|[P2P][Service] heartBeat,connected count=4
info|2019-12-13 21:58:28.378404|[P2P][Service] heartBeat,connected count=4
info|2019-12-13 21:58:38.378491|[P2P][Service] heartBeat,connected count=4
info|2019-12-13 21:58:48.378728|[P2P][Service] heartBeat,connected count=4
info|2019-12-13 21:58:58.378819|[P2P][Service] heartBeat,connected count=4
info|2019-12-13 21:59:08.379013|[P2P][Service] heartBeat,connected count=4
info|2019-12-13 21:59:18.379161|[P2P][Service] heartBeat,connected count=4
info|2019-12-13 21:59:28.380206|[P2P][Service] heartBeat,connected count=4
info|2019-12-13 21:59:38.380268|[P2P][Service] heartBeat,connected count=4
info|2019-12-13 21:59:48.380327|[P2P][Service] heartBeat,connected count=4
info|2019-12-13 21:59:58.380475|[P2P][Service] heartBeat,connected count=4
