[2019-10-22 18:39:44] Initializing...
[INITIALIZER][Initializer]Init failed,EINFO=/FISCO-BCOS/libinitializer/LedgerInitializer.cpp(52): Throw in function void dev::initializer::LedgerInitializer::initConfig(const boost::property_tree::ptree &)
Dynamic exception type: boost::exception_detail::clone_impl<dev::InitLedgerConfigFailed>
std::exception::what: std::exception
[dev::tag_comment*] = [LedgerInitializer]: Should init at least one group! Please check configuration!

Init failed!!!
[2019-10-22 18:41:46] Initializing...
[INITIALIZER][Initializer]Init failed,EINFO=/FISCO-BCOS/libinitializer/LedgerInitializer.cpp(52): Throw in function void dev::initializer::LedgerInitializer::initConfig(const boost::property_tree::ptree &)
Dynamic exception type: boost::exception_detail::clone_impl<dev::InitLedgerConfigFailed>
std::exception::what: std::exception
[dev::tag_comment*] = [LedgerInitializer]: Should init at least one group! Please check configuration!

Init failed!!!
[2019-10-22 18:44:00] Initializing...
FISCO-BCOS Version : 2.1.0
Build Time         : 20190923 13:22:09
Build Type         : Linux/clang/Release
Git Branch         : HEAD
Git Commit Hash    : cb68124d4fbf3df563a57dfff5f0c6eedc1419cc
[2019-10-22 18:44:00] The FISCO-BCOS is running...
[2019-10-24 21:59:52] Initializing...
FISCO-BCOS Version : 2.1.0
Build Time         : 20190923 13:22:09
Build Type         : Linux/clang/Release
Git Branch         : HEAD
Git Commit Hash    : cb68124d4fbf3df563a57dfff5f0c6eedc1419cc
[2019-10-24 21:59:54] The FISCO-BCOS is running...
[2019-10-25 20:47:49] Initializing...
FISCO-BCOS Version : 2.1.0
Build Time         : 20190923 13:22:09
Build Type         : Linux/clang/Release
Git Branch         : HEAD
Git Commit Hash    : cb68124d4fbf3df563a57dfff5f0c6eedc1419cc
[2019-10-25 20:47:51] The FISCO-BCOS is running...
[2019-11-08 16:42:33] Initializing...
FISCO-BCOS Version : 2.1.0
Build Time         : 20190923 13:22:09
Build Type         : Linux/clang/Release
Git Branch         : HEAD
Git Commit Hash    : cb68124d4fbf3df563a57dfff5f0c6eedc1419cc
[2019-11-08 16:42:34] The FISCO-BCOS is running...
[2019-11-08 17:01:29] FISCO-BCOS program exit normally.
[2019-11-08 17:33:48] Initializing...
FISCO-BCOS Version : 2.1.0
Build Time         : 20190923 13:22:09
Build Type         : Linux/clang/Release
Git Branch         : HEAD
Git Commit Hash    : cb68124d4fbf3df563a57dfff5f0c6eedc1419cc
[2019-11-08 17:33:48] The FISCO-BCOS is running...
[2019-11-08 17:36:32] FISCO-BCOS program exit normally.
[2019-12-13 14:37:03] Initializing...
FISCO-BCOS Version : 2.1.0
Build Time         : 20190923 13:22:09
Build Type         : Linux/clang/Release
Git Branch         : HEAD
Git Commit Hash    : cb68124d4fbf3df563a57dfff5f0c6eedc1419cc
[2019-12-13 14:37:04] The FISCO-BCOS is running...
[2019-12-13 19:34:04] FISCO-BCOS program exit normally.
[2019-12-13 21:09:57] Initializing...
FISCO-BCOS Version : 2.1.0
Build Time         : 20190923 13:22:09
Build Type         : Linux/clang/Release
Git Branch         : HEAD
Git Commit Hash    : cb68124d4fbf3df563a57dfff5f0c6eedc1419cc
[2019-12-13 21:09:58] The FISCO-BCOS is running...
